生成启动时间为 2018/4/29 20:22:51。
     1>项目“E:\编程\资料\书\cs\算法复杂性\homework7\decisionTree\decisionTree\decisionTree\decisionTree.vcxproj”在节点 2 上(Build 个目标)。
     1>ClCompile:
         E:\编程\VisualStudio\VC\bin\CL.exe /c /ZI /nologo /W3 /WX- /sdl /Od /Oy- /D WIN32 /D _DEBUG /D _CONSOLE /D _UNICODE /D UNICODE /Gm /EHsc /RTC1 /MDd /GS /fp:precise /Zc:wchar_t /Zc:forScope /Zc:inline /Fo"Debug\\" /Fd"Debug\vc140.pdb" /Gd /TP /analyze- /errorReport:prompt "源.cpp"
         源.cpp
     1>e:\编程\visualstudio\vc\include\xtree(1683): warning C4503: “__LINE__Var”: 超出修饰名的长度，名称被截断
         e:\编程\visualstudio\vc\include\xtree(1121): note: 参见对正在编译的函数 模板 实例化“std::_Tree_iterator<std::_Tree_val<std::_Tree_simple_types<std::pair<const _Kty,_Ty>>>> std::_Tree<std::_Tmap_traits<_Kty,_Ty,_Pr,_Alloc,false>>::_Insert_hint<std::pair<const _Kty,_Ty>&,std::_Tree_node<std::pair<const _Kty,_Ty>,void *>*>(std::_Tree_const_iterator<std::_Tree_val<std::_Tree_simple_types<std::pair<const _Kty,_Ty>>>>,_Valty,_Nodety)”的引用
                 with
                 [
                     _Kty=int,
                     _Ty=std::vector<std::map<std::string,int,std::less<std::string>,std::allocator<std::pair<const std::string,int>>>,std::allocator<std::map<std::string,int,std::less<std::string>,std::allocator<std::pair<const std::string,int>>>>>,
                     _Pr=std::less<int>,
                     _Alloc=std::allocator<std::pair<const int,std::vector<std::map<std::string,int,std::less<std::string>,std::allocator<std::pair<const std::string,int>>>,std::allocator<std::map<std::string,int,std::less<std::string>,std::allocator<std::pair<const std::string,int>>>>>>>,
                     _Valty=std::pair<const int,std::vector<std::map<std::string,int,std::less<std::string>,std::allocator<std::pair<const std::string,int>>>,std::allocator<std::map<std::string,int,std::less<std::string>,std::allocator<std::pair<const std::string,int>>>>>> &,
                     _Nodety=std::_Tree_node<std::pair<const int,std::vector<std::map<std::string,int,std::less<std::string>,std::allocator<std::pair<const std::string,int>>>,std::allocator<std::map<std::string,int,std::less<std::string>,std::allocator<std::pair<const std::string,int>>>>>>,void *> *
                 ]
         e:\编程\visualstudio\vc\include\xtree(1121): note: 参见对正在编译的函数 模板 实例化“std::_Tree_iterator<std::_Tree_val<std::_Tree_simple_types<std::pair<const _Kty,_Ty>>>> std::_Tree<std::_Tmap_traits<_Kty,_Ty,_Pr,_Alloc,false>>::_Insert_hint<std::pair<const _Kty,_Ty>&,std::_Tree_node<std::pair<const _Kty,_Ty>,void *>*>(std::_Tree_const_iterator<std::_Tree_val<std::_Tree_simple_types<std::pair<const _Kty,_Ty>>>>,_Valty,_Nodety)”的引用
                 with
                 [
                     _Kty=int,
                     _Ty=std::vector<std::map<std::string,int,std::less<std::string>,std::allocator<std::pair<const std::string,int>>>,std::allocator<std::map<std::string,int,std::less<std::string>,std::allocator<std::pair<const std::string,int>>>>>,
                     _Pr=std::less<int>,
                     _Alloc=std::allocator<std::pair<const int,std::vector<std::map<std::string,int,std::less<std::string>,std::allocator<std::pair<const std::string,int>>>,std::allocator<std::map<std::string,int,std::less<std::string>,std::allocator<std::pair<const std::string,int>>>>>>>,
                     _Valty=std::pair<const int,std::vector<std::map<std::string,int,std::less<std::string>,std::allocator<std::pair<const std::string,int>>>,std::allocator<std::map<std::string,int,std::less<std::string>,std::allocator<std::pair<const std::string,int>>>>>> &,
                     _Nodety=std::_Tree_node<std::pair<const int,std::vector<std::map<std::string,int,std::less<std::string>,std::allocator<std::pair<const std::string,int>>>,std::allocator<std::map<std::string,int,std::less<std::string>,std::allocator<std::pair<const std::string,int>>>>>>,void *> *
                 ]
         e:\编程\visualstudio\vc\include\map(348): note: 参见对正在编译的函数 模板 实例化“std::_Tree_iterator<std::_Tree_val<std::_Tree_simple_types<std::pair<const _Kty,_Ty>>>> std::_Tree<std::_Tmap_traits<_Kty,_Ty,_Pr,_Alloc,false>>::emplace_hint<const std::piecewise_construct_t&,std::tuple<const int &>,std::tuple<>>(std::_Tree_const_iterator<std::_Tree_val<std::_Tree_simple_types<std::pair<const _Kty,_Ty>>>>,const std::piecewise_construct_t &,std::tuple<const int &> &&,std::tuple<> &&)”的引用
                 with
                 [
                     _Kty=int,
                     _Ty=std::vector<std::map<std::string,int,std::less<std::string>,std::allocator<std::pair<const std::string,int>>>,std::allocator<std::map<std::string,int,std::less<std::string>,std::allocator<std::pair<const std::string,int>>>>>,
                     _Pr=std::less<int>,
                     _Alloc=std::allocator<std::pair<const int,std::vector<std::map<std::string,int,std::less<std::string>,std::allocator<std::pair<const std::string,int>>>,std::allocator<std::map<std::string,int,std::less<std::string>,std::allocator<std::pair<const std::string,int>>>>>>>
                 ]
         e:\编程\visualstudio\vc\include\map(348): note: 参见对正在编译的函数 模板 实例化“std::_Tree_iterator<std::_Tree_val<std::_Tree_simple_types<std::pair<const _Kty,_Ty>>>> std::_Tree<std::_Tmap_traits<_Kty,_Ty,_Pr,_Alloc,false>>::emplace_hint<const std::piecewise_construct_t&,std::tuple<const int &>,std::tuple<>>(std::_Tree_const_iterator<std::_Tree_val<std::_Tree_simple_types<std::pair<const _Kty,_Ty>>>>,const std::piecewise_construct_t &,std::tuple<const int &> &&,std::tuple<> &&)”的引用
                 with
                 [
                     _Kty=int,
                     _Ty=std::vector<std::map<std::string,int,std::less<std::string>,std::allocator<std::pair<const std::string,int>>>,std::allocator<std::map<std::string,int,std::less<std::string>,std::allocator<std::pair<const std::string,int>>>>>,
                     _Pr=std::less<int>,
                     _Alloc=std::allocator<std::pair<const int,std::vector<std::map<std::string,int,std::less<std::string>,std::allocator<std::pair<const std::string,int>>>,std::allocator<std::map<std::string,int,std::less<std::string>,std::allocator<std::pair<const std::string,int>>>>>>>
                 ]
         e:\编程\visualstudio\vc\include\map(340): note: 编译类 模板 成员函数“std::vector<std::map<std::string,int,std::less<_Kty>,std::allocator<std::pair<const _Kty,_Ty>>>,std::allocator<std::map<_Kty,_Ty,std::less<_Kty>,std::allocator<std::pair<const _Kty,_Ty>>>>> &std::map<int,std::vector<std::map<_Kty,_Ty,std::less<_Kty>,std::allocator<std::pair<const _Kty,_Ty>>>,std::allocator<std::map<_Kty,_Ty,std::less<_Kty>,std::allocator<std::pair<const _Kty,_Ty>>>>>,std::less<_Ty>,std::allocator<std::pair<const int,std::vector<std::map<_Kty,_Ty,std::less<_Kty>,std::allocator<std::pair<const _Kty,_Ty>>>,std::allocator<std::map<_Kty,_Ty,std::less<_Kty>,std::allocator<std::pair<const _Kty,_Ty>>>>>>>>::operator [](const int &)”时
                 with
                 [
                     _Kty=std::string,
                     _Ty=int
                 ]
         e:\编程\资料\书\cs\算法复杂性\homework7\decisiontree\decisiontree\decisiontree\源.cpp(165): note: 参见对正在编译的函数 模板 实例化“std::vector<std::map<std::string,int,std::less<_Kty>,std::allocator<std::pair<const _Kty,_Ty>>>,std::allocator<std::map<_Kty,_Ty,std::less<_Kty>,std::allocator<std::pair<const _Kty,_Ty>>>>> &std::map<int,std::vector<std::map<_Kty,_Ty,std::less<_Kty>,std::allocator<std::pair<const _Kty,_Ty>>>,std::allocator<std::map<_Kty,_Ty,std::less<_Kty>,std::allocator<std::pair<const _Kty,_Ty>>>>>,std::less<_Ty>,std::allocator<std::pair<const int,std::vector<std::map<_Kty,_Ty,std::less<_Kty>,std::allocator<std::pair<const _Kty,_Ty>>>,std::allocator<std::map<_Kty,_Ty,std::less<_Kty>,std::allocator<std::pair<const _Kty,_Ty>>>>>>>>::operator [](const int &)”的引用
                 with
                 [
                     _Kty=std::string,
                     _Ty=int
                 ]
         e:\编程\资料\书\cs\算法复杂性\homework7\decisiontree\decisiontree\decisiontree\源.cpp(144): note: 参见对正在编译的类 模板 实例化“std::map<int,std::vector<std::map<std::string,int,std::less<_Kty>,std::allocator<std::pair<const _Kty,_Ty>>>,std::allocator<std::map<_Kty,_Ty,std::less<_Kty>,std::allocator<std::pair<const _Kty,_Ty>>>>>,std::less<_Ty>,std::allocator<std::pair<const int,std::vector<std::map<_Kty,_Ty,std::less<_Kty>,std::allocator<std::pair<const _Kty,_Ty>>>,std::allocator<std::map<_Kty,_Ty,std::less<_Kty>,std::allocator<std::pair<const _Kty,_Ty>>>>>>>>”的引用
                 with
                 [
                     _Kty=std::string,
                     _Ty=int
                 ]
     1>e:\编程\资料\书\cs\算法复杂性\homework7\decisiontree\decisiontree\decisiontree\源.cpp(335): warning C4503: “std::_Tree<std::_Tmap_traits<_Kty,_Ty,_Pr,_Alloc,false>>::_Insert_hint”: 超出修饰名的长度，名称被截断
                 with
                 [
                     _Kty=int,
                     _Ty=std::vector<std::map<std::string,int,std::less<std::string>,std::allocator<std::pair<const std::string,int>>>,std::allocator<std::map<std::string,int,std::less<std::string>,std::allocator<std::pair<const std::string,int>>>>>,
                     _Pr=std::less<int>,
                     _Alloc=std::allocator<std::pair<const int,std::vector<std::map<std::string,int,std::less<std::string>,std::allocator<std::pair<const std::string,int>>>,std::allocator<std::map<std::string,int,std::less<std::string>,std::allocator<std::pair<const std::string,int>>>>>>>
                 ]
       Link:
         E:\编程\VisualStudio\VC\bin\link.exe /ERRORREPORT:PROMPT /OUT:"E:\编程\资料\书\cs\算法复杂性\homework7\decisionTree\decisionTree\Debug\decisionTree.exe" /INCREMENTAL /NOLOGO kernel32.lib user32.lib gdi32.lib winspool.lib comdlg32.lib advapi32.lib shell32.lib ole32.lib oleaut32.lib uuid.lib odbc32.lib odbccp32.lib /MANIFEST /MANIFESTUAC:"level='asInvoker' uiAccess='false'" /manifest:embed /Debug /PDB:"E:\编程\资料\书\cs\算法复杂性\homework7\decisionTree\decisionTree\Debug\decisionTree.pdb" /SUBSYSTEM:CONSOLE /TLBID:1 /DYNAMICBASE /NXCOMPAT /IMPLIB:"E:\编程\资料\书\cs\算法复杂性\homework7\decisionTree\decisionTree\Debug\decisionTree.lib" /MACHINE:X86 "Debug\源.obj"
         decisionTree.vcxproj -> E:\编程\资料\书\cs\算法复杂性\homework7\decisionTree\decisionTree\Debug\decisionTree.exe
     1>已完成生成项目“E:\编程\资料\书\cs\算法复杂性\homework7\decisionTree\decisionTree\decisionTree\decisionTree.vcxproj”(Build 个目标)的操作。

已成功生成。

已用时间 00:00:01.77
